[35m[Appium][39m Welcome to Appium v1.22.3
[35m[Appium][39m Non-default server args:
[35m[Appium][39m   port: 63333
[35m[Appium][39m   loglevel: info
[35m[Appium][39m   tmpDir: /var/folders/yz/cv7yz4f52c76bnx40cdw7w600000gp/T//Katalon/Appium/Temp1713198943014
[35m[Appium][39m Appium REST http interface listener started on 0.0.0.0:63333
[35m[HTTP][39m [37m-->[39m [37mGET[39m [37m/wd/hub/status[39m
[35m[HTTP][39m [90m{}[39m
[35m[HTTP][39m [37m<-- GET /wd/hub/status [39m[32m200[39m [90m4 ms - 68[39m
[35m[HTTP][39m [90m[39m
[35m[HTTP][39m [37m-->[39m [37mGET[39m [37m/wd/hub/status[39m
[35m[HTTP][39m [90m{}[39m
[35m[HTTP][39m [37m<-- GET /wd/hub/status [39m[32m200[39m [90m1 ms - 68[39m
[35m[HTTP][39m [90m[39m
[35m[HTTP][39m [37m-->[39m [37mPOST[39m [37m/wd/hub/session[39m
[35m[HTTP][39m [90m{"desiredCapabilities":{"app":"/Users/flp-9-rickynugroho/Katalon Studio/Pintu Test Mobile/Include/APK/Sample Android App - Login Tes_4.0_Apkpure.apk","noReset":true,"newCommandTimeout":1800,"platformVersion":"13","automationName":"uiautomator2","autoGrantPermissions":true,"platformName":"Android","udid":"emulator-5554","deviceName":"emulator-5554 (sdk_gphone64_arm64 - Android 13)","fullReset":false,"systemPort":63345},"capabilities":{"firstMatch":[{"appium:app":"/Users/flp-9-rickynugroho/Katalon Studio/Pintu Test Mobile/Include/APK/Sample Android App - Login Tes_4.0_Apkpure.apk","appium:autoGrantPermissions":true,"appium:automationName":"uiautomator2","appium:deviceName":"emulator-5554 (sdk_gphone64_arm64 - Android 13)","appium:fullReset":false,"appium:newCommandTimeout":1800,"appium:noReset":true,"platformName":"android","appium:platformVersion":"13","appium:systemPort":63345,"appium:udid":"emulator-5554"}]}}[39m
[35m[Appium][39m Appium v1.22.3 creating new AndroidUiautomator2Driver (v1.70.1) session
[35m[BaseDriver][39m Session created with session id: ccd76c91-d047-44c1-af25-119c4d0aec07
[35m[BaseDriver][39m Using local app '/Users/flp-9-rickynugroho/Katalon Studio/Pintu Test Mobile/Include/APK/Sample Android App - Login Tes_4.0_Apkpure.apk'
[35m[ADB][39m Found 1 'build-tools' folders under '/Users/flp-9-rickynugroho/.katalon/tools/android_sdk' (newest first):
[35m[ADB][39m     /Users/flp-9-rickynugroho/.katalon/tools/android_sdk/build-tools/29.0.3
[35m[ADB][39m Using 'adb' from '/Users/flp-9-rickynugroho/.katalon/tools/android_sdk/platform-tools/adb'
[35m[AndroidDriver][39m Retrieving device list
[35m[AndroidDriver][39m Using device: emulator-5554
[35m[ADB][39m Using 'adb' from '/Users/flp-9-rickynugroho/.katalon/tools/android_sdk/platform-tools/adb'
[35m[ADB][39m Getting device platform version
[35m[UiAutomator2][39m Relaxing hidden api policy
[35m[ADB][39m Package name: 'com.loginmodule.learning'
[35m[ADB][39m Main activity name: 'com.loginmodule.learning.activities.LoginActivity'
[35m[UiAutomator2][39m Server package at '/usr/local/lib/node_modules/appium/node_modules/appium-uiautomator2-server/apks/appium-uiautomator2-server-v4.27.0.apk' is not writeable. Will copy it into the temporary location at '/var/folders/yz/cv7yz4f52c76bnx40cdw7w600000gp/T/Katalon/Appium/Temp1713198943014/2024315-14293-fa69b4.xqkds' as a workaround. Consider making this file writeable manually in order to improve the performance of session startup.
[35m[UiAutomator2][39m Server package at '/usr/local/lib/node_modules/appium/node_modules/appium-uiautomator2-server/apks/appium-uiautomator2-server-debug-androidTest.apk' is not writeable. Will copy it into the temporary location at '/var/folders/yz/cv7yz4f52c76bnx40cdw7w600000gp/T/Katalon/Appium/Temp1713198943014/2024315-14293-fa69b4.xqkds' as a workaround. Consider making this file writeable manually in order to improve the performance of session startup.
[35m[ADB][39m Using 'apksigner.jar' from '/Users/flp-9-rickynugroho/.katalon/tools/android_sdk/build-tools/29.0.3/lib/apksigner.jar'
[35m[ADB][39m '/var/folders/yz/cv7yz4f52c76bnx40cdw7w600000gp/T/Katalon/Appium/Temp1713198943014/2024315-14293-fa69b4.xqkds/appium-uiautomator2-server-v4.27.0.apk' is signed with the default certificate
[35m[ADB][39m '/var/folders/yz/cv7yz4f52c76bnx40cdw7w600000gp/T/Katalon/Appium/Temp1713198943014/2024315-14293-fa69b4.xqkds/appium-uiautomator2-server-debug-androidTest.apk' is signed with the default certificate
[35m[UiAutomator2][39m Server packages are not going to be (re)installed
[35m[ADB][39m Adding packages ["io.appium.settings","io.appium.uiautomator2.server","io.appium.uiautomator2.server.test"] to Doze whitelist
[35m[ADB][39m '/Users/flp-9-rickynugroho/Katalon Studio/Pintu Test Mobile/Include/APK/Sample Android App - Login Tes_4.0_Apkpure.apk' is signed with a non-default certificate
[35m[ADB][39m The application at '/Users/flp-9-rickynugroho/Katalon Studio/Pintu Test Mobile/Include/APK/Sample Android App - Login Tes_4.0_Apkpure.apk' will not be cached, because the device under test has confirmed the support of streamed installs
[35m[ADB][39m The installation of 'Sample Android App - Login Tes_4.0_Apkpure.apk' took 609ms
[35m[UiAutomator2][39m Starting UIAutomator2 server 4.27.0
[35m[UiAutomator2][39m Using UIAutomator2 server from '/usr/local/lib/node_modules/appium/node_modules/appium-uiautomator2-server/apks/appium-uiautomator2-server-v4.27.0.apk' and test from '/usr/local/lib/node_modules/appium/node_modules/appium-uiautomator2-server/apks/appium-uiautomator2-server-debug-androidTest.apk'
[35m[UiAutomator2][39m Waiting up to 30000ms for UiAutomator2 to be online...
[35m[WD Proxy][39m socket hang up
[35m[WD Proxy][39m socket hang up
[35m[WD Proxy][39m socket hang up
[35m[WD Proxy][39m Determined the downstream protocol as 'W3C'
[35m[AndroidDriver][39m Screen already unlocked, doing nothing
[35m[UiAutomator2][39m Starting 'com.loginmodule.learning/com.loginmodule.learning.activities.LoginActivity and waiting for 'com.loginmodule.learning/com.loginmodule.learning.activities.LoginActivity'
[35m[Appium][39m New AndroidUiautomator2Driver session created successfully, session ccd76c91-d047-44c1-af25-119c4d0aec07 added to master session list
[35m[HTTP][39m [37m<-- POST /wd/hub/session [39m[32m200[39m [90m8960 ms - 1354[39m
[35m[HTTP][39m [90m[39m
[35m[HTTP][39m [37m-->[39m [37mGET[39m [37m/wd/hub/session/ccd76c91-d047-44c1-af25-119c4d0aec07[39m
[35m[HTTP][39m [90m{}[39m
[35m[HTTP][39m [37m<-- GET /wd/hub/session/ccd76c91-d047-44c1-af25-119c4d0aec07 [39m[32m200[39m [90m37 ms - 1308[39m
[35m[HTTP][39m [90m[39m
[35m[HTTP][39m [37m-->[39m [37mGET[39m [37m/wd/hub/session/ccd76c91-d047-44c1-af25-119c4d0aec07[39m
[35m[HTTP][39m [90m{}[39m
[35m[HTTP][39m [37m<-- GET /wd/hub/session/ccd76c91-d047-44c1-af25-119c4d0aec07 [39m[32m200[39m [90m7 ms - 1308[39m
[35m[HTTP][39m [90m[39m
[35m[HTTP][39m [37m-->[39m [37mGET[39m [37m/wd/hub/status[39m
[35m[HTTP][39m [90m{}[39m
[35m[HTTP][39m [37m<-- GET /wd/hub/status [39m[32m200[39m [90m1 ms - 68[39m
[35m[HTTP][39m [90m[39m
[35m[HTTP][39m [37m-->[39m [37mPOST[39m [37m/wd/hub/session/ccd76c91-d047-44c1-af25-119c4d0aec07/timeouts[39m
[35m[HTTP][39m [90m{"implicit":60000}[39m
[35m[HTTP][39m [37m<-- POST /wd/hub/session/ccd76c91-d047-44c1-af25-119c4d0aec07/timeouts [39m[32m200[39m [90m3 ms - 14[39m
[35m[HTTP][39m [90m[39m
[35m[HTTP][39m [37m-->[39m [37mGET[39m [37m/wd/hub/session/ccd76c91-d047-44c1-af25-119c4d0aec07/source[39m
[35m[HTTP][39m [90m{}[39m
[35m[W3C (ccd76c91)][39m Driver proxy active, passing request on via HTTP proxy
[35m[WD Proxy][39m Replacing sessionId a2bb165b-515f-41c9-947b-2f1b8bc3e2ec with ccd76c91-d047-44c1-af25-119c4d0aec07
[35m[HTTP][39m [37m<-- GET /wd/hub/session/ccd76c91-d047-44c1-af25-119c4d0aec07/source [39m[32m200[39m [90m504 ms - 6972[39m
[35m[HTTP][39m [90m[39m
[35m[HTTP][39m [37m-->[39m [37mGET[39m [37m/wd/hub/session/ccd76c91-d047-44c1-af25-119c4d0aec07/screenshot[39m
[35m[HTTP][39m [90m{}[39m
[35m[HTTP][39m [37m<-- GET /wd/hub/session/ccd76c91-d047-44c1-af25-119c4d0aec07/screenshot [39m[32m200[39m [90m324 ms - 128692[39m
[35m[HTTP][39m [90m[39m
[35m[HTTP][39m [37m-->[39m [37mGET[39m [37m/wd/hub/session/ccd76c91-d047-44c1-af25-119c4d0aec07/source[39m
[35m[HTTP][39m [90m{}[39m
[35m[W3C (ccd76c91)][39m Driver proxy active, passing request on via HTTP proxy
[35m[WD Proxy][39m Replacing sessionId a2bb165b-515f-41c9-947b-2f1b8bc3e2ec with ccd76c91-d047-44c1-af25-119c4d0aec07
[35m[HTTP][39m [37m<-- GET /wd/hub/session/ccd76c91-d047-44c1-af25-119c4d0aec07/source [39m[32m200[39m [90m95 ms - 8846[39m
[35m[HTTP][39m [90m[39m
[35m[HTTP][39m [37m-->[39m [37mGET[39m [37m/wd/hub/session/ccd76c91-d047-44c1-af25-119c4d0aec07/screenshot[39m
[35m[HTTP][39m [90m{}[39m
[35m[HTTP][39m [37m<-- GET /wd/hub/session/ccd76c91-d047-44c1-af25-119c4d0aec07/screenshot [39m[32m200[39m [90m310 ms - 126746[39m
[35m[HTTP][39m [90m[39m
[35m[HTTP][39m [37m-->[39m [37mPOST[39m [37m/wd/hub/session/ccd76c91-d047-44c1-af25-119c4d0aec07/elements[39m
[35m[HTTP][39m [90m{"using":"xpath","value":"//*[@class = 'android.widget.TextView' and (@text = 'Enter Full Name' or . = 'Enter Full Name')]"}[39m
[35m[HTTP][39m [37m<-- POST /wd/hub/session/ccd76c91-d047-44c1-af25-119c4d0aec07/elements [39m[32m200[39m [90m194 ms - 139[39m
[35m[HTTP][39m [90m[39m
[35m[HTTP][39m [37m-->[39m [37mGET[39m [37m/wd/hub/session/ccd76c91-d047-44c1-af25-119c4d0aec07/source[39m
[35m[HTTP][39m [90m{}[39m
[35m[W3C (ccd76c91)][39m Driver proxy active, passing request on via HTTP proxy
[35m[WD Proxy][39m Replacing sessionId a2bb165b-515f-41c9-947b-2f1b8bc3e2ec with ccd76c91-d047-44c1-af25-119c4d0aec07
[35m[HTTP][39m [37m<-- GET /wd/hub/session/ccd76c91-d047-44c1-af25-119c4d0aec07/source [39m[32m200[39m [90m74 ms - 8853[39m
[35m[HTTP][39m [90m[39m
[35m[HTTP][39m [37m-->[39m [37mGET[39m [37m/wd/hub/session/ccd76c91-d047-44c1-af25-119c4d0aec07/screenshot[39m
[35m[HTTP][39m [90m{}[39m
[35m[HTTP][39m [37m<-- GET /wd/hub/session/ccd76c91-d047-44c1-af25-119c4d0aec07/screenshot [39m[32m200[39m [90m297 ms - 131114[39m
[35m[HTTP][39m [90m[39m
[35m[HTTP][39m [37m-->[39m [37mPOST[39m [37m/wd/hub/session/ccd76c91-d047-44c1-af25-119c4d0aec07/elements[39m
[35m[HTTP][39m [90m{"using":"xpath","value":"//*[@class = 'android.widget.TextView' and (@text = 'Enter Valid Email' or . = 'Enter Valid Email')]"}[39m
[35m[HTTP][39m [37m<-- POST /wd/hub/session/ccd76c91-d047-44c1-af25-119c4d0aec07/elements [39m[32m200[39m [90m104 ms - 139[39m
[35m[HTTP][39m [90m[39m
[35m[HTTP][39m [37m-->[39m [37mGET[39m [37m/wd/hub/session/ccd76c91-d047-44c1-af25-119c4d0aec07/source[39m
[35m[HTTP][39m [90m{}[39m
[35m[W3C (ccd76c91)][39m Driver proxy active, passing request on via HTTP proxy
[35m[WD Proxy][39m Replacing sessionId a2bb165b-515f-41c9-947b-2f1b8bc3e2ec with ccd76c91-d047-44c1-af25-119c4d0aec07
[35m[HTTP][39m [37m<-- GET /wd/hub/session/ccd76c91-d047-44c1-af25-119c4d0aec07/source [39m[32m200[39m [90m63 ms - 8865[39m
[35m[HTTP][39m [90m[39m
[35m[HTTP][39m [37m-->[39m [37mGET[39m [37m/wd/hub/session/ccd76c91-d047-44c1-af25-119c4d0aec07/screenshot[39m
[35m[HTTP][39m [90m{}[39m
[35m[HTTP][39m [37m<-- GET /wd/hub/session/ccd76c91-d047-44c1-af25-119c4d0aec07/screenshot [39m[32m200[39m [90m255 ms - 146808[39m
[35m[HTTP][39m [90m[39m
[35m[HTTP][39m [37m-->[39m [37mPOST[39m [37m/wd/hub/session/ccd76c91-d047-44c1-af25-119c4d0aec07/elements[39m
[35m[HTTP][39m [90m{"using":"xpath","value":"//*[@class = 'android.widget.TextView' and (@text = 'Enter Password' or . = 'Enter Password')]"}[39m
[35m[HTTP][39m [37m<-- POST /wd/hub/session/ccd76c91-d047-44c1-af25-119c4d0aec07/elements [39m[32m200[39m [90m88 ms - 139[39m
[35m[HTTP][39m [90m[39m
[35m[HTTP][39m [37m-->[39m [37mGET[39m [37m/wd/hub/session/ccd76c91-d047-44c1-af25-119c4d0aec07/source[39m
[35m[HTTP][39m [90m{}[39m
[35m[W3C (ccd76c91)][39m Driver proxy active, passing request on via HTTP proxy
[35m[WD Proxy][39m Replacing sessionId a2bb165b-515f-41c9-947b-2f1b8bc3e2ec with ccd76c91-d047-44c1-af25-119c4d0aec07
[35m[HTTP][39m [37m<-- GET /wd/hub/session/ccd76c91-d047-44c1-af25-119c4d0aec07/source [39m[32m200[39m [90m66 ms - 8901[39m
[35m[HTTP][39m [90m[39m
[35m[HTTP][39m [37m-->[39m [37mGET[39m [37m/wd/hub/session/ccd76c91-d047-44c1-af25-119c4d0aec07/screenshot[39m
[35m[HTTP][39m [90m{}[39m
[35m[HTTP][39m [37m<-- GET /wd/hub/session/ccd76c91-d047-44c1-af25-119c4d0aec07/screenshot [39m[32m200[39m [90m287 ms - 146082[39m
[35m[HTTP][39m [90m[39m
[35m[HTTP][39m [37m-->[39m [37mPOST[39m [37m/wd/hub/session/ccd76c91-d047-44c1-af25-119c4d0aec07/elements[39m
[35m[HTTP][39m [90m{"using":"xpath","value":"//*[@class = 'android.widget.TextView' and (@text = 'Password Does Not Matches' or . = 'Password Does Not Matches')]"}[39m
[35m[HTTP][39m [37m<-- POST /wd/hub/session/ccd76c91-d047-44c1-af25-119c4d0aec07/elements [39m[32m200[39m [90m123 ms - 139[39m
[35m[HTTP][39m [90m[39m
[35m[HTTP][39m [37m-->[39m [37mDELETE[39m [37m/wd/hub/session/ccd76c91-d047-44c1-af25-119c4d0aec07[39m
[35m[HTTP][39m [90m{}[39m
[35m[Appium][39m Removing session ccd76c91-d047-44c1-af25-119c4d0aec07 from our master session list
[35m[UiAutomator2][39m Restoring hidden api policy to the device default configuration
[35m[HTTP][39m [37m<-- DELETE /wd/hub/session/ccd76c91-d047-44c1-af25-119c4d0aec07 [39m[32m200[39m [90m1229 ms - 14[39m
[35m[HTTP][39m [90m[39m
[35m[Appium][39m Received SIGTERM - shutting down
